Build started 4/12/2015 2:40:30 PM.
     1>Project "G:\Visual_Studio_Projects\Robot_Negotiation\Robot_Negotiation\Robot_Negotiation\Robot_Negotiation.vcxproj" on node 2 (Build target(s)).
     1>ClCompile:
         C:\Program Files (x86)\Microsoft Visual Studio 12.0\VC\bin\CL.exe /c /ZI /nologo /W3 /WX- /sdl /Od /Oy- /D _MBCS /Gm /EHsc /RTC1 /MDd /GS /fp:precise /Zc:wchar_t /Zc:forScope /Fo"Debug\\" /Fd"Debug\vc120.pdb" /Gd /TP /analyze- /errorReport:prompt Environment.cpp WorldMap.cpp
         WorldMap.cpp
         Environment.cpp
     1>g:\visual_studio_projects\robot_negotiation\robot_negotiation\robot_negotiation\environment.h(83): error C2027: use of undefined type 'cBaxter'
                 g:\visual_studio_projects\robot_negotiation\robot_negotiation\robot_negotiation\environment.h(9) : see declaration of 'cBaxter'
     1>g:\visual_studio_projects\robot_negotiation\robot_negotiation\robot_negotiation\environment.h(84): error C2027: use of undefined type 'cBaxter'
                 g:\visual_studio_projects\robot_negotiation\robot_negotiation\robot_negotiation\environment.h(9) : see declaration of 'cBaxter'
     1>g:\visual_studio_projects\robot_negotiation\robot_negotiation\robot_negotiation\environment.h(86): error C2027: use of undefined type 'cHuman'
                 g:\visual_studio_projects\robot_negotiation\robot_negotiation\robot_negotiation\environment.h(10) : see declaration of 'cHuman'
     1>g:\visual_studio_projects\robot_negotiation\robot_negotiation\robot_negotiation\environment.h(87): error C2027: use of undefined type 'cHuman'
                 g:\visual_studio_projects\robot_negotiation\robot_negotiation\robot_negotiation\environment.h(10) : see declaration of 'cHuman'
         Generating Code...
     1>g:\visual_studio_projects\robot_negotiation\robot_negotiation\robot_negotiation\worldmap.cpp(45): error C4700: uninitialized local variable 'dY' used
     1>Done Building Project "G:\Visual_Studio_Projects\Robot_Negotiation\Robot_Negotiation\Robot_Negotiation\Robot_Negotiation.vcxproj" (Build target(s)) -- FAILED.

Build FAILED.

Time Elapsed 00:00:02.87
