Build started 4/10/2015 2:56:16 PM.
     1>Project "G:\Visual_Studio_Projects\Robot_Negotiation\Robot_Negotiation\Robot_Negotiation\Robot_Negotiation.vcxproj" on node 2 (Build target(s)).
     1>ClCompile:
         C:\Program Files (x86)\Microsoft Visual Studio 12.0\VC\bin\x86_amd64\CL.exe /c /Zi /nologo /W3 /WX- /sdl /Od /D _MBCS /Gm /EHsc /RTC1 /MDd /GS /fp:precise /Zc:wchar_t /Zc:forScope /Fo"x64\Debug\\" /Fd"x64\Debug\vc120.pdb" /Gd /TP /errorReport:prompt WorldMap.cpp
         WorldMap.cpp
     1>g:\visual_studio_projects\robot_negotiation\robot_negotiation\robot_negotiation\WorldMap.h(1): fatal error C1034: stdio.h: no include path set
     1>Done Building Project "G:\Visual_Studio_Projects\Robot_Negotiation\Robot_Negotiation\Robot_Negotiation\Robot_Negotiation.vcxproj" (Build target(s)) -- FAILED.

Build FAILED.

Time Elapsed 00:00:00.24
